TN:
SF:src/modules/appointments/services/CreateAppointmentService.ts
FN:14,(anonymous_18)
FN:15,CreateAppointmentService
FN:20,(anonymous_20)
FNF:3
FNH:0
FNDA:0,(anonymous_18)
FNDA:0,CreateAppointmentService
FNDA:0,(anonymous_20)
DA:1,0
DA:2,0
DA:5,0
DA:14,0
DA:17,0
DA:20,0
DA:21,0
DA:23,0
DA:27,0
DA:28,0
DA:31,0
DA:36,0
DA:38,0
DA:40,0
LF:14
LH:0
BRDA:27,0,0,0
BRDA:27,0,1,0
BRF:2
BRH:0
end_of_record
TN:
SF:src/modules/appointments/services/ListProviderMonthAvailabilityService.ts
FN:17,(anonymous_17)
FN:18,ListProviderMonthAvailabilityService
FN:23,(anonymous_19)
FN:42,(anonymous_22)
FN:45,(anonymous_23)
FN:46,(anonymous_24)
FNF:6
FNH:6
FNDA:1,(anonymous_17)
FNDA:1,ListProviderMonthAvailabilityService
FNDA:1,(anonymous_19)
FNDA:30,(anonymous_22)
FNDA:30,(anonymous_23)
FNDA:300,(anonymous_24)
DA:1,1
DA:3,1
DA:17,1
DA:20,1
DA:23,1
DA:24,1
DA:25,1
DA:26,1
DA:28,1
DA:36,1
DA:38,1
DA:40,1
DA:42,30
DA:45,1
DA:46,30
DA:47,300
DA:50,30
DA:56,1
DA:58,1
DA:60,1
LF:20
LH:20
BRDA:28,0,0,1
BRF:1
BRH:1
end_of_record
TN:
SF:src/modules/appointments/services/ListProvidersService.ts
FN:11,(anonymous_17)
FN:12,ListProvidersService
FN:17,(anonymous_19)
FNF:3
FNH:0
FNDA:0,(anonymous_17)
FNDA:0,ListProvidersService
FNDA:0,(anonymous_19)
DA:1,0
DA:11,0
DA:14,0
DA:17,0
DA:18,0
DA:22,0
DA:24,0
DA:26,0
LF:8
LH:0
BRDA:18,0,0,0
BRF:1
BRH:0
end_of_record
TN:
SF:src/modules/users/services/AuthenticateUserService.ts
FN:20,(anonymous_18)
FN:21,AuthenticateUserService
FN:29,(anonymous_20)
FNF:3
FNH:0
FNDA:0,(anonymous_18)
FNDA:0,AuthenticateUserService
FNDA:0,(anonymous_20)
DA:1,0
DA:2,0
DA:3,0
DA:5,0
DA:20,0
DA:23,0
DA:26,0
DA:29,0
DA:30,0
DA:32,0
DA:33,0
DA:34,0
DA:40,0
DA:41,0
DA:44,0
DA:49,0
DA:51,0
DA:53,0
LF:18
LH:0
BRDA:30,0,0,0
BRDA:33,1,0,0
BRDA:33,1,1,0
BRDA:40,2,0,0
BRDA:40,2,1,0
BRDA:40,3,0,0
BRDA:40,3,1,0
BRF:7
BRH:0
end_of_record
TN:
SF:src/modules/users/services/CreateUserService.ts
FN:14,(anonymous_18)
FN:15,CreateUserService
FN:23,(anonymous_20)
FNF:3
FNH:0
FNDA:0,(anonymous_18)
FNDA:0,CreateUserService
FNDA:0,(anonymous_20)
DA:1,0
DA:3,0
DA:14,0
DA:17,0
DA:20,0
DA:23,0
DA:24,0
DA:26,0
DA:27,0
DA:30,0
DA:32,0
DA:37,0
DA:39,0
DA:41,0
LF:14
LH:0
BRDA:24,0,0,0
BRDA:26,1,0,0
BRDA:26,1,1,0
BRF:3
BRH:0
end_of_record
TN:
SF:src/modules/users/services/ResetPasswordService.ts
FN:14,(anonymous_18)
FN:15,ResetPasswordService
FN:26,(anonymous_20)
FNF:3
FNH:0
FNDA:0,(anonymous_18)
FNDA:0,ResetPasswordService
FNDA:0,(anonymous_20)
DA:1,0
DA:2,0
DA:3,0
DA:14,0
DA:17,0
DA:20,0
DA:23,0
DA:26,0
DA:27,0
DA:29,0
DA:30,0
DA:33,0
DA:35,0
DA:36,0
DA:39,0
DA:40,0
DA:42,0
DA:43,0
DA:46,0
DA:48,0
DA:50,0
DA:52,0
LF:22
LH:0
BRDA:27,0,0,0
BRDA:29,1,0,0
BRDA:29,1,1,0
BRDA:35,2,0,0
BRDA:35,2,1,0
BRDA:42,3,0,0
BRDA:42,3,1,0
BRF:7
BRH:0
end_of_record
TN:
SF:src/modules/users/services/SendForgotPasswordEmailService.ts
FN:14,(anonymous_18)
FN:15,SendForgotPasswordEmailService
FN:26,(anonymous_20)
FNF:3
FNH:0
FNDA:0,(anonymous_18)
FNDA:0,SendForgotPasswordEmailService
FNDA:0,(anonymous_20)
DA:1,0
DA:2,0
DA:4,0
DA:14,0
DA:17,0
DA:20,0
DA:23,0
DA:26,0
DA:27,0
DA:29,0
DA:30,0
DA:33,0
DA:35,0
DA:42,0
DA:57,0
DA:59,0
LF:16
LH:0
BRDA:27,0,0,0
BRDA:29,1,0,0
BRDA:29,1,1,0
BRF:3
BRH:0
end_of_record
TN:
SF:src/modules/users/services/ShowProfileService.ts
FN:11,(anonymous_18)
FN:12,ShowProfileService
FN:17,(anonymous_20)
FNF:3
FNH:0
FNDA:0,(anonymous_18)
FNDA:0,ShowProfileService
FNDA:0,(anonymous_20)
DA:1,0
DA:4,0
DA:11,0
DA:14,0
DA:17,0
DA:18,0
DA:20,0
DA:21,0
DA:24,0
DA:26,0
DA:28,0
LF:11
LH:0
BRDA:18,0,0,0
BRDA:20,1,0,0
BRDA:20,1,1,0
BRF:3
BRH:0
end_of_record
TN:
SF:src/modules/users/services/UpdateProfileService.ts
FN:17,(anonymous_18)
FN:18,UpdateProfileService
FN:26,(anonymous_20)
FNF:3
FNH:0
FNDA:0,(anonymous_18)
FNDA:0,UpdateProfileService
FNDA:0,(anonymous_20)
DA:1,0
DA:5,0
DA:17,0
DA:20,0
DA:23,0
DA:26,0
DA:27,0
DA:28,0
DA:29,0
DA:30,0
DA:31,0
DA:33,0
DA:35,0
DA:36,0
DA:39,0
DA:41,0
DA:42,0
DA:45,0
DA:46,0
DA:48,0
DA:49,0
DA:54,0
DA:55,0
DA:60,0
DA:61,0
DA:64,0
DA:67,0
DA:69,0
DA:71,0
LF:29
LH:0
BRDA:33,0,0,0
BRDA:33,0,1,0
BRDA:35,1,0,0
BRDA:35,1,1,0
BRDA:41,2,0,0
BRDA:41,2,1,0
BRDA:41,3,0,0
BRDA:41,3,1,0
BRDA:48,4,0,0
BRDA:48,4,1,0
BRDA:48,5,0,0
BRDA:48,5,1,0
BRDA:54,6,0,0
BRDA:54,6,1,0
BRDA:54,7,0,0
BRDA:54,7,1,0
BRDA:60,8,0,0
BRDA:60,8,1,0
BRF:18
BRH:0
end_of_record
TN:
SF:src/modules/users/services/UpdateUserAvatarService.ts
FN:13,(anonymous_18)
FN:14,UpdateUserAvatarService
FN:22,(anonymous_20)
FNF:3
FNH:0
FNDA:0,(anonymous_18)
FNDA:0,UpdateUserAvatarService
FNDA:0,(anonymous_20)
DA:1,0
DA:2,0
DA:13,0
DA:16,0
DA:19,0
DA:22,0
DA:23,0
DA:25,0
DA:26,0
DA:29,0
DA:30,0
DA:33,0
DA:35,0
DA:37,0
DA:39,0
DA:41,0
DA:43,0
LF:17
LH:0
BRDA:23,0,0,0
BRDA:23,0,1,0
BRDA:25,1,0,0
BRDA:25,1,1,0
BRDA:29,2,0,0
BRDA:29,2,1,0
BRF:6
BRH:0
end_of_record
